  [1m[35m (0.1ms)[0m  [1m[34mSELECT sqlite_version(*)[0m
  [1m[35m (0.8ms)[0m  [1m[35mCREATE TABLE "schema_migrations" ("version" varchar NOT NULL PRIMARY KEY)[0m
  [1m[35m (0.8ms)[0m  [1m[35mCREATE TABLE "ar_internal_metadata" ("key" varchar NOT NULL PRIMARY KEY, "value" varchar, "created_at" datetime NOT NULL, "updated_at" datetime NOT NULL)[0m
  [1m[35m (0.2ms)[0m  [1m[34mSELECT "schema_migrations"."version" FROM "schema_migrations" ORDER BY "schema_migrations"."version" ASC[0m
Migrating to CreateTodos (20170928015036)
  [1m[35m (0.1ms)[0m  [1m[36mbegin transaction[0m
  [1m[35m (0.5ms)[0m  [1m[35mCREATE TABLE "todos" ("id" INTEGER PRIMARY KEY AUTOINCREMENT NOT NULL, "title" varchar, "notes" text, "created_at" datetime NOT NULL, "updated_at" datetime NOT NULL)[0m
  [1m[35mSQL (0.2ms)[0m  [1m[32mINSERT INTO "schema_migrations" ("version") VALUES (?)[0m  [["version", "20170928015036"]]
  [1m[35m (0.5ms)[0m  [1m[36mcommit transaction[0m
  [1m[36mActiveRecord::InternalMetadata Load (0.1ms)[0m  [1m[34mSELECT  "ar_internal_metadata".* FROM "ar_internal_metadata" WHERE "ar_internal_metadata"."key" = ? LIMIT ?[0m  [["key", "environment"], ["LIMIT", 1]]
  [1m[35m (0.1ms)[0m  [1m[36mbegin transaction[0m
  [1m[35mSQL (0.4ms)[0m  [1m[32mINSERT INTO "ar_internal_metadata" ("key", "value", "created_at", "updated_at") VALUES (?, ?, ?, ?)[0m  [["key", "environment"], ["value", "development"], ["created_at", "2017-09-28 01:51:16.965341"], ["updated_at", "2017-09-28 01:51:16.965341"]]
  [1m[35m (0.5ms)[0m  [1m[36mcommit transaction[0m
  [1m[35m (0.2ms)[0m  [1m[34mSELECT "schema_migrations"."version" FROM "schema_migrations" ORDER BY "schema_migrations"."version" ASC[0m
Started GET "/" for 127.0.0.1 at 2017-09-27 18:54:17 -0700
  [1m[35m (0.3ms)[0m  [1m[34mSELECT "schema_migrations"."version" FROM "schema_migrations" ORDER BY "schema_migrations"."version" ASC[0m
Processing by Rails::WelcomeController#index as HTML
  Rendering /usr/local/lib/ruby/gems/2.4.0/gems/railties-5.1.4/lib/rails/templates/rails/welcome/index.html.erb
  Rendered /usr/local/lib/ruby/gems/2.4.0/gems/railties-5.1.4/lib/rails/templates/rails/welcome/index.html.erb (3.8ms)
Completed 200 OK in 18ms (Views: 9.5ms | ActiveRecord: 0.0ms)


Started GET "/new" for 127.0.0.1 at 2017-09-27 18:54:21 -0700
  
ActionController::RoutingError (No route matches [GET] "/new"):
  
actionpack (5.1.4) lib/action_dispatch/middleware/debug_exceptions.rb:63:in `call'
rollbar (2.15.4) lib/rollbar/middleware/rails/show_exceptions.rb:22:in `call_with_rollbar'
web-console (3.5.1) lib/web_console/middleware.rb:135:in `call_app'
web-console (3.5.1) lib/web_console/middleware.rb:28:in `block in call'
web-console (3.5.1) lib/web_console/middleware.rb:18:in `catch'
web-console (3.5.1) lib/web_console/middleware.rb:18:in `call'
actionpack (5.1.4) lib/action_dispatch/middleware/show_exceptions.rb:31:in `call'
railties (5.1.4) lib/rails/rack/logger.rb:36:in `call_app'
railties (5.1.4) lib/rails/rack/logger.rb:24:in `block in call'
activesupport (5.1.4) lib/active_support/tagged_logging.rb:69:in `block in tagged'
activesupport (5.1.4) lib/active_support/tagged_logging.rb:26:in `tagged'
activesupport (5.1.4) lib/active_support/tagged_logging.rb:69:in `tagged'
railties (5.1.4) lib/rails/rack/logger.rb:24:in `call'
sprockets-rails (3.2.1) lib/sprockets/rails/quiet_assets.rb:13:in `call'
actionpack (5.1.4) lib/action_dispatch/middleware/remote_ip.rb:79:in `call'
actionpack (5.1.4) lib/action_dispatch/middleware/request_id.rb:25:in `call'
rack (2.0.3) lib/rack/method_override.rb:22:in `call'
rack (2.0.3) lib/rack/runtime.rb:22:in `call'
activesupport (5.1.4) lib/active_support/cache/strategy/local_cache_middleware.rb:27:in `call'
actionpack (5.1.4) lib/action_dispatch/middleware/executor.rb:12:in `call'
actionpack (5.1.4) lib/action_dispatch/middleware/static.rb:125:in `call'
rack (2.0.3) lib/rack/sendfile.rb:111:in `call'
railties (5.1.4) lib/rails/engine.rb:522:in `call'
puma (3.10.0) lib/puma/configuration.rb:225:in `call'
puma (3.10.0) lib/puma/server.rb:605:in `handle_request'
puma (3.10.0) lib/puma/server.rb:437:in `process_client'
puma (3.10.0) lib/puma/server.rb:301:in `block in run'
puma (3.10.0) lib/puma/thread_pool.rb:120:in `block in spawn_thread'
Started GET "/todos/new" for 127.0.0.1 at 2017-09-27 18:54:27 -0700
Processing by TodosController#new as HTML
  Rendering todos/new.html.erb within layouts/application
  Rendered todos/new.html.erb within layouts/application (0.4ms)
Completed 200 OK in 631ms (Views: 621.7ms | ActiveRecord: 0.9ms)


Started POST "/todos/index.html" for 127.0.0.1 at 2017-09-27 18:54:38 -0700
  
ActionController::RoutingError (No route matches [POST] "/todos/index.html"):
  
actionpack (5.1.4) lib/action_dispatch/middleware/debug_exceptions.rb:63:in `call'
rollbar (2.15.4) lib/rollbar/middleware/rails/show_exceptions.rb:22:in `call_with_rollbar'
web-console (3.5.1) lib/web_console/middleware.rb:135:in `call_app'
web-console (3.5.1) lib/web_console/middleware.rb:28:in `block in call'
web-console (3.5.1) lib/web_console/middleware.rb:18:in `catch'
web-console (3.5.1) lib/web_console/middleware.rb:18:in `call'
actionpack (5.1.4) lib/action_dispatch/middleware/show_exceptions.rb:31:in `call'
railties (5.1.4) lib/rails/rack/logger.rb:36:in `call_app'
railties (5.1.4) lib/rails/rack/logger.rb:24:in `block in call'
activesupport (5.1.4) lib/active_support/tagged_logging.rb:69:in `block in tagged'
activesupport (5.1.4) lib/active_support/tagged_logging.rb:26:in `tagged'
activesupport (5.1.4) lib/active_support/tagged_logging.rb:69:in `tagged'
railties (5.1.4) lib/rails/rack/logger.rb:24:in `call'
sprockets-rails (3.2.1) lib/sprockets/rails/quiet_assets.rb:13:in `call'
actionpack (5.1.4) lib/action_dispatch/middleware/remote_ip.rb:79:in `call'
actionpack (5.1.4) lib/action_dispatch/middleware/request_id.rb:25:in `call'
rack (2.0.3) lib/rack/method_override.rb:22:in `call'
rack (2.0.3) lib/rack/runtime.rb:22:in `call'
activesupport (5.1.4) lib/active_support/cache/strategy/local_cache_middleware.rb:27:in `call'
actionpack (5.1.4) lib/action_dispatch/middleware/executor.rb:12:in `call'
actionpack (5.1.4) lib/action_dispatch/middleware/static.rb:125:in `call'
rack (2.0.3) lib/rack/sendfile.rb:111:in `call'
railties (5.1.4) lib/rails/engine.rb:522:in `call'
puma (3.10.0) lib/puma/configuration.rb:225:in `call'
puma (3.10.0) lib/puma/server.rb:605:in `handle_request'
puma (3.10.0) lib/puma/server.rb:437:in `process_client'
puma (3.10.0) lib/puma/server.rb:301:in `block in run'
puma (3.10.0) lib/puma/thread_pool.rb:120:in `block in spawn_thread'
Started GET "/todos/" for 127.0.0.1 at 2017-09-27 18:55:03 -0700
Processing by TodosController#index as HTML
  Rendering todos/index.html.erb within layouts/application
  [1m[36mTodo Exists (0.4ms)[0m  [1m[34mSELECT  1 AS one FROM "todos" LIMIT ?[0m  [["LIMIT", 1]]
  Rendered todos/index.html.erb within layouts/application (3.6ms)
Completed 200 OK in 21ms (Views: 18.4ms | ActiveRecord: 0.4ms)


Started GET "/todos/" for 127.0.0.1 at 2017-09-27 18:55:06 -0700
Processing by TodosController#index as HTML
  Rendering todos/index.html.erb within layouts/application
  [1m[36mTodo Exists (0.5ms)[0m  [1m[34mSELECT  1 AS one FROM "todos" LIMIT ?[0m  [["LIMIT", 1]]
  Rendered todos/index.html.erb within layouts/application (2.5ms)
Completed 200 OK in 22ms (Views: 20.0ms | ActiveRecord: 0.5ms)


Started GET "/todos/new" for 127.0.0.1 at 2017-09-27 18:55:56 -0700
Processing by TodosController#new as HTML
  Rendering todos/new.html.erb within layouts/application
  Rendered todos/new.html.erb within layouts/application (0.5ms)
Completed 200 OK in 30ms (Views: 17.9ms | ActiveRecord: 0.9ms)


Started POST "/todos/index.html" for 127.0.0.1 at 2017-09-27 18:56:02 -0700
  
ActionController::RoutingError (No route matches [POST] "/todos/index.html"):
  
actionpack (5.1.4) lib/action_dispatch/middleware/debug_exceptions.rb:63:in `call'
rollbar (2.15.4) lib/rollbar/middleware/rails/show_exceptions.rb:22:in `call_with_rollbar'
web-console (3.5.1) lib/web_console/middleware.rb:135:in `call_app'
web-console (3.5.1) lib/web_console/middleware.rb:28:in `block in call'
web-console (3.5.1) lib/web_console/middleware.rb:18:in `catch'
web-console (3.5.1) lib/web_console/middleware.rb:18:in `call'
actionpack (5.1.4) lib/action_dispatch/middleware/show_exceptions.rb:31:in `call'
railties (5.1.4) lib/rails/rack/logger.rb:36:in `call_app'
railties (5.1.4) lib/rails/rack/logger.rb:24:in `block in call'
activesupport (5.1.4) lib/active_support/tagged_logging.rb:69:in `block in tagged'
activesupport (5.1.4) lib/active_support/tagged_logging.rb:26:in `tagged'
activesupport (5.1.4) lib/active_support/tagged_logging.rb:69:in `tagged'
railties (5.1.4) lib/rails/rack/logger.rb:24:in `call'
sprockets-rails (3.2.1) lib/sprockets/rails/quiet_assets.rb:13:in `call'
actionpack (5.1.4) lib/action_dispatch/middleware/remote_ip.rb:79:in `call'
actionpack (5.1.4) lib/action_dispatch/middleware/request_id.rb:25:in `call'
rack (2.0.3) lib/rack/method_override.rb:22:in `call'
rack (2.0.3) lib/rack/runtime.rb:22:in `call'
activesupport (5.1.4) lib/active_support/cache/strategy/local_cache_middleware.rb:27:in `call'
actionpack (5.1.4) lib/action_dispatch/middleware/executor.rb:12:in `call'
actionpack (5.1.4) lib/action_dispatch/middleware/static.rb:125:in `call'
rack (2.0.3) lib/rack/sendfile.rb:111:in `call'
railties (5.1.4) lib/rails/engine.rb:522:in `call'
puma (3.10.0) lib/puma/configuration.rb:225:in `call'
puma (3.10.0) lib/puma/server.rb:605:in `handle_request'
puma (3.10.0) lib/puma/server.rb:437:in `process_client'
puma (3.10.0) lib/puma/server.rb:301:in `block in run'
puma (3.10.0) lib/puma/thread_pool.rb:120:in `block in spawn_thread'
Started GET "/todos/new" for 127.0.0.1 at 2017-09-27 18:56:56 -0700
[Rollbar] Reporting exception: /Users/Rollbar/Development/Rails/todoApp/app/controllers/todos_controller.rb:21: syntax error, unexpected end-of-input, expecting keyword_end
  
SyntaxError (/Users/Rollbar/Development/Rails/todoApp/app/controllers/todos_controller.rb:21: syntax error, unexpected end-of-input, expecting keyword_end):
  
app/controllers/todos_controller.rb:21: syntax error, unexpected end-of-input, expecting keyword_end
Started GET "/todos/new" for 127.0.0.1 at 2017-09-27 18:56:59 -0700
[Rollbar] Reporting exception: /Users/Rollbar/Development/Rails/todoApp/app/controllers/todos_controller.rb:21: syntax error, unexpected end-of-input, expecting keyword_end
  
SyntaxError (/Users/Rollbar/Development/Rails/todoApp/app/controllers/todos_controller.rb:21: syntax error, unexpected end-of-input, expecting keyword_end):
  
app/controllers/todos_controller.rb:21: syntax error, unexpected end-of-input, expecting keyword_end
Started GET "/todos/new" for 127.0.0.1 at 2017-09-27 18:57:06 -0700
Processing by TodosController#new as HTML
  Rendering todos/new.html.erb within layouts/application
  Rendered todos/new.html.erb within layouts/application (0.3ms)
Completed 200 OK in 27ms (Views: 17.9ms | ActiveRecord: 0.6ms)


Started POST "/todos/index.html" for 127.0.0.1 at 2017-09-27 18:57:10 -0700
  
ActionController::RoutingError (No route matches [POST] "/todos/index.html"):
  
actionpack (5.1.4) lib/action_dispatch/middleware/debug_exceptions.rb:63:in `call'
rollbar (2.15.4) lib/rollbar/middleware/rails/show_exceptions.rb:22:in `call_with_rollbar'
web-console (3.5.1) lib/web_console/middleware.rb:135:in `call_app'
web-console (3.5.1) lib/web_console/middleware.rb:28:in `block in call'
web-console (3.5.1) lib/web_console/middleware.rb:18:in `catch'
web-console (3.5.1) lib/web_console/middleware.rb:18:in `call'
actionpack (5.1.4) lib/action_dispatch/middleware/show_exceptions.rb:31:in `call'
railties (5.1.4) lib/rails/rack/logger.rb:36:in `call_app'
railties (5.1.4) lib/rails/rack/logger.rb:24:in `block in call'
activesupport (5.1.4) lib/active_support/tagged_logging.rb:69:in `block in tagged'
activesupport (5.1.4) lib/active_support/tagged_logging.rb:26:in `tagged'
activesupport (5.1.4) lib/active_support/tagged_logging.rb:69:in `tagged'
railties (5.1.4) lib/rails/rack/logger.rb:24:in `call'
sprockets-rails (3.2.1) lib/sprockets/rails/quiet_assets.rb:13:in `call'
actionpack (5.1.4) lib/action_dispatch/middleware/remote_ip.rb:79:in `call'
actionpack (5.1.4) lib/action_dispatch/middleware/request_id.rb:25:in `call'
rack (2.0.3) lib/rack/method_override.rb:22:in `call'
rack (2.0.3) lib/rack/runtime.rb:22:in `call'
activesupport (5.1.4) lib/active_support/cache/strategy/local_cache_middleware.rb:27:in `call'
actionpack (5.1.4) lib/action_dispatch/middleware/executor.rb:12:in `call'
actionpack (5.1.4) lib/action_dispatch/middleware/static.rb:125:in `call'
rack (2.0.3) lib/rack/sendfile.rb:111:in `call'
railties (5.1.4) lib/rails/engine.rb:522:in `call'
puma (3.10.0) lib/puma/configuration.rb:225:in `call'
puma (3.10.0) lib/puma/server.rb:605:in `handle_request'
puma (3.10.0) lib/puma/server.rb:437:in `process_client'
puma (3.10.0) lib/puma/server.rb:301:in `block in run'
puma (3.10.0) lib/puma/thread_pool.rb:120:in `block in spawn_thread'
Started POST "/todos/index.html" for 127.0.0.1 at 2017-09-27 18:58:01 -0700
  
ActionController::RoutingError (No route matches [POST] "/todos/index.html"):
  
actionpack (5.1.4) lib/action_dispatch/middleware/debug_exceptions.rb:63:in `call'
rollbar (2.15.4) lib/rollbar/middleware/rails/show_exceptions.rb:22:in `call_with_rollbar'
web-console (3.5.1) lib/web_console/middleware.rb:135:in `call_app'
web-console (3.5.1) lib/web_console/middleware.rb:28:in `block in call'
web-console (3.5.1) lib/web_console/middleware.rb:18:in `catch'
web-console (3.5.1) lib/web_console/middleware.rb:18:in `call'
actionpack (5.1.4) lib/action_dispatch/middleware/show_exceptions.rb:31:in `call'
railties (5.1.4) lib/rails/rack/logger.rb:36:in `call_app'
railties (5.1.4) lib/rails/rack/logger.rb:24:in `block in call'
activesupport (5.1.4) lib/active_support/tagged_logging.rb:69:in `block in tagged'
activesupport (5.1.4) lib/active_support/tagged_logging.rb:26:in `tagged'
activesupport (5.1.4) lib/active_support/tagged_logging.rb:69:in `tagged'
railties (5.1.4) lib/rails/rack/logger.rb:24:in `call'
sprockets-rails (3.2.1) lib/sprockets/rails/quiet_assets.rb:13:in `call'
actionpack (5.1.4) lib/action_dispatch/middleware/remote_ip.rb:79:in `call'
actionpack (5.1.4) lib/action_dispatch/middleware/request_id.rb:25:in `call'
rack (2.0.3) lib/rack/method_override.rb:22:in `call'
rack (2.0.3) lib/rack/runtime.rb:22:in `call'
activesupport (5.1.4) lib/active_support/cache/strategy/local_cache_middleware.rb:27:in `call'
actionpack (5.1.4) lib/action_dispatch/middleware/executor.rb:12:in `call'
actionpack (5.1.4) lib/action_dispatch/middleware/static.rb:125:in `call'
rack (2.0.3) lib/rack/sendfile.rb:111:in `call'
railties (5.1.4) lib/rails/engine.rb:522:in `call'
puma (3.10.0) lib/puma/configuration.rb:225:in `call'
puma (3.10.0) lib/puma/server.rb:605:in `handle_request'
puma (3.10.0) lib/puma/server.rb:437:in `process_client'
puma (3.10.0) lib/puma/server.rb:301:in `block in run'
puma (3.10.0) lib/puma/thread_pool.rb:120:in `block in spawn_thread'
Started GET "/todos/new" for 127.0.0.1 at 2017-09-27 18:58:15 -0700
Processing by TodosController#new as HTML
Completed 500 Internal Server Error in 6721ms


[Rollbar] Reporting exception: exit
[Rollbar] Scheduling item
[Rollbar] Sending item
[Rollbar] Success
[Rollbar] Details: https://rollbar.com/instance/uuid?uuid=7ec1e907-54dc-4d55-a24c-073d7d62c054 (only available if report was successful)
[Rollbar] Exception uuid saved in env: 7ec1e907-54dc-4d55-a24c-073d7d62c054
  
SystemExit (exit):
  
(byebug):1:in `exit'
(byebug):1:in `new'
app/controllers/todos_controller.rb:4:in `new'
Started GET "/todos/new" for 127.0.0.1 at 2017-09-27 18:58:27 -0700
Processing by TodosController#new as HTML
  Rendering todos/new.html.erb within layouts/application
  Rendered todos/new.html.erb within layouts/application (0.4ms)
Completed 200 OK in 1878ms (Views: 17.1ms | ActiveRecord: 0.8ms)


Started POST "/todos/index.html" for 127.0.0.1 at 2017-09-27 18:58:35 -0700
  
ActionController::RoutingError (No route matches [POST] "/todos/index.html"):
  
actionpack (5.1.4) lib/action_dispatch/middleware/debug_exceptions.rb:63:in `call'
rollbar (2.15.4) lib/rollbar/middleware/rails/show_exceptions.rb:22:in `call_with_rollbar'
web-console (3.5.1) lib/web_console/middleware.rb:135:in `call_app'
web-console (3.5.1) lib/web_console/middleware.rb:28:in `block in call'
web-console (3.5.1) lib/web_console/middleware.rb:18:in `catch'
web-console (3.5.1) lib/web_console/middleware.rb:18:in `call'
actionpack (5.1.4) lib/action_dispatch/middleware/show_exceptions.rb:31:in `call'
railties (5.1.4) lib/rails/rack/logger.rb:36:in `call_app'
railties (5.1.4) lib/rails/rack/logger.rb:24:in `block in call'
activesupport (5.1.4) lib/active_support/tagged_logging.rb:69:in `block in tagged'
activesupport (5.1.4) lib/active_support/tagged_logging.rb:26:in `tagged'
activesupport (5.1.4) lib/active_support/tagged_logging.rb:69:in `tagged'
railties (5.1.4) lib/rails/rack/logger.rb:24:in `call'
sprockets-rails (3.2.1) lib/sprockets/rails/quiet_assets.rb:13:in `call'
actionpack (5.1.4) lib/action_dispatch/middleware/remote_ip.rb:79:in `call'
actionpack (5.1.4) lib/action_dispatch/middleware/request_id.rb:25:in `call'
rack (2.0.3) lib/rack/method_override.rb:22:in `call'
rack (2.0.3) lib/rack/runtime.rb:22:in `call'
activesupport (5.1.4) lib/active_support/cache/strategy/local_cache_middleware.rb:27:in `call'
actionpack (5.1.4) lib/action_dispatch/middleware/executor.rb:12:in `call'
actionpack (5.1.4) lib/action_dispatch/middleware/static.rb:125:in `call'
rack (2.0.3) lib/rack/sendfile.rb:111:in `call'
railties (5.1.4) lib/rails/engine.rb:522:in `call'
puma (3.10.0) lib/puma/configuration.rb:225:in `call'
puma (3.10.0) lib/puma/server.rb:605:in `handle_request'
puma (3.10.0) lib/puma/server.rb:437:in `process_client'
puma (3.10.0) lib/puma/server.rb:301:in `block in run'
puma (3.10.0) lib/puma/thread_pool.rb:120:in `block in spawn_thread'
Started POST "/todos/index.html" for 127.0.0.1 at 2017-09-27 18:59:40 -0700
  
ActionController::RoutingError (No route matches [POST] "/todos/index.html"):
  
actionpack (5.1.4) lib/action_dispatch/middleware/debug_exceptions.rb:63:in `call'
rollbar (2.15.4) lib/rollbar/middleware/rails/show_exceptions.rb:22:in `call_with_rollbar'
web-console (3.5.1) lib/web_console/middleware.rb:135:in `call_app'
web-console (3.5.1) lib/web_console/middleware.rb:28:in `block in call'
web-console (3.5.1) lib/web_console/middleware.rb:18:in `catch'
web-console (3.5.1) lib/web_console/middleware.rb:18:in `call'
actionpack (5.1.4) lib/action_dispatch/middleware/show_exceptions.rb:31:in `call'
railties (5.1.4) lib/rails/rack/logger.rb:36:in `call_app'
railties (5.1.4) lib/rails/rack/logger.rb:24:in `block in call'
activesupport (5.1.4) lib/active_support/tagged_logging.rb:69:in `block in tagged'
activesupport (5.1.4) lib/active_support/tagged_logging.rb:26:in `tagged'
activesupport (5.1.4) lib/active_support/tagged_logging.rb:69:in `tagged'
railties (5.1.4) lib/rails/rack/logger.rb:24:in `call'
sprockets-rails (3.2.1) lib/sprockets/rails/quiet_assets.rb:13:in `call'
actionpack (5.1.4) lib/action_dispatch/middleware/remote_ip.rb:79:in `call'
actionpack (5.1.4) lib/action_dispatch/middleware/request_id.rb:25:in `call'
rack (2.0.3) lib/rack/method_override.rb:22:in `call'
rack (2.0.3) lib/rack/runtime.rb:22:in `call'
activesupport (5.1.4) lib/active_support/cache/strategy/local_cache_middleware.rb:27:in `call'
actionpack (5.1.4) lib/action_dispatch/middleware/executor.rb:12:in `call'
actionpack (5.1.4) lib/action_dispatch/middleware/static.rb:125:in `call'
rack (2.0.3) lib/rack/sendfile.rb:111:in `call'
railties (5.1.4) lib/rails/engine.rb:522:in `call'
puma (3.10.0) lib/puma/configuration.rb:225:in `call'
puma (3.10.0) lib/puma/server.rb:605:in `handle_request'
puma (3.10.0) lib/puma/server.rb:437:in `process_client'
puma (3.10.0) lib/puma/server.rb:301:in `block in run'
puma (3.10.0) lib/puma/thread_pool.rb:120:in `block in spawn_thread'
Started GET "/todos/new" for 127.0.0.1 at 2017-09-27 18:59:45 -0700
Processing by TodosController#new as HTML
  Rendering todos/new.html.erb within layouts/application
  Rendered todos/new.html.erb within layouts/application (0.3ms)
Completed 200 OK in 3243ms (Views: 17.1ms | ActiveRecord: 0.0ms)


Started POST "/todos/new" for 127.0.0.1 at 2017-09-27 19:00:01 -0700
  
ActionController::RoutingError (No route matches [POST] "/todos/new"):
  
actionpack (5.1.4) lib/action_dispatch/middleware/debug_exceptions.rb:63:in `call'
rollbar (2.15.4) lib/rollbar/middleware/rails/show_exceptions.rb:22:in `call_with_rollbar'
web-console (3.5.1) lib/web_console/middleware.rb:135:in `call_app'
web-console (3.5.1) lib/web_console/middleware.rb:28:in `block in call'
web-console (3.5.1) lib/web_console/middleware.rb:18:in `catch'
web-console (3.5.1) lib/web_console/middleware.rb:18:in `call'
actionpack (5.1.4) lib/action_dispatch/middleware/show_exceptions.rb:31:in `call'
railties (5.1.4) lib/rails/rack/logger.rb:36:in `call_app'
railties (5.1.4) lib/rails/rack/logger.rb:24:in `block in call'
activesupport (5.1.4) lib/active_support/tagged_logging.rb:69:in `block in tagged'
activesupport (5.1.4) lib/active_support/tagged_logging.rb:26:in `tagged'
activesupport (5.1.4) lib/active_support/tagged_logging.rb:69:in `tagged'
railties (5.1.4) lib/rails/rack/logger.rb:24:in `call'
sprockets-rails (3.2.1) lib/sprockets/rails/quiet_assets.rb:13:in `call'
actionpack (5.1.4) lib/action_dispatch/middleware/remote_ip.rb:79:in `call'
actionpack (5.1.4) lib/action_dispatch/middleware/request_id.rb:25:in `call'
rack (2.0.3) lib/rack/method_override.rb:22:in `call'
rack (2.0.3) lib/rack/runtime.rb:22:in `call'
activesupport (5.1.4) lib/active_support/cache/strategy/local_cache_middleware.rb:27:in `call'
actionpack (5.1.4) lib/action_dispatch/middleware/executor.rb:12:in `call'
actionpack (5.1.4) lib/action_dispatch/middleware/static.rb:125:in `call'
rack (2.0.3) lib/rack/sendfile.rb:111:in `call'
railties (5.1.4) lib/rails/engine.rb:522:in `call'
puma (3.10.0) lib/puma/configuration.rb:225:in `call'
puma (3.10.0) lib/puma/server.rb:605:in `handle_request'
puma (3.10.0) lib/puma/server.rb:437:in `process_client'
puma (3.10.0) lib/puma/server.rb:301:in `block in run'
puma (3.10.0) lib/puma/thread_pool.rb:120:in `block in spawn_thread'
Started GET "/todos/new" for 127.0.0.1 at 2017-09-27 19:00:20 -0700
Processing by TodosController#new as HTML
  Rendering todos/new.html.erb within layouts/application
  Rendered todos/new.html.erb within layouts/application (0.6ms)
Completed 200 OK in 36ms (Views: 17.6ms | ActiveRecord: 0.8ms)


Started POST "/todos/create" for 127.0.0.1 at 2017-09-27 19:00:26 -0700
  
ActionController::RoutingError (No route matches [POST] "/todos/create"):
  
actionpack (5.1.4) lib/action_dispatch/middleware/debug_exceptions.rb:63:in `call'
rollbar (2.15.4) lib/rollbar/middleware/rails/show_exceptions.rb:22:in `call_with_rollbar'
web-console (3.5.1) lib/web_console/middleware.rb:135:in `call_app'
web-console (3.5.1) lib/web_console/middleware.rb:28:in `block in call'
web-console (3.5.1) lib/web_console/middleware.rb:18:in `catch'
web-console (3.5.1) lib/web_console/middleware.rb:18:in `call'
actionpack (5.1.4) lib/action_dispatch/middleware/show_exceptions.rb:31:in `call'
railties (5.1.4) lib/rails/rack/logger.rb:36:in `call_app'
railties (5.1.4) lib/rails/rack/logger.rb:24:in `block in call'
activesupport (5.1.4) lib/active_support/tagged_logging.rb:69:in `block in tagged'
activesupport (5.1.4) lib/active_support/tagged_logging.rb:26:in `tagged'
activesupport (5.1.4) lib/active_support/tagged_logging.rb:69:in `tagged'
railties (5.1.4) lib/rails/rack/logger.rb:24:in `call'
sprockets-rails (3.2.1) lib/sprockets/rails/quiet_assets.rb:13:in `call'
actionpack (5.1.4) lib/action_dispatch/middleware/remote_ip.rb:79:in `call'
actionpack (5.1.4) lib/action_dispatch/middleware/request_id.rb:25:in `call'
rack (2.0.3) lib/rack/method_override.rb:22:in `call'
rack (2.0.3) lib/rack/runtime.rb:22:in `call'
activesupport (5.1.4) lib/active_support/cache/strategy/local_cache_middleware.rb:27:in `call'
actionpack (5.1.4) lib/action_dispatch/middleware/executor.rb:12:in `call'
actionpack (5.1.4) lib/action_dispatch/middleware/static.rb:125:in `call'
rack (2.0.3) lib/rack/sendfile.rb:111:in `call'
railties (5.1.4) lib/rails/engine.rb:522:in `call'
puma (3.10.0) lib/puma/configuration.rb:225:in `call'
puma (3.10.0) lib/puma/server.rb:605:in `handle_request'
puma (3.10.0) lib/puma/server.rb:437:in `process_client'
puma (3.10.0) lib/puma/server.rb:301:in `block in run'
puma (3.10.0) lib/puma/thread_pool.rb:120:in `block in spawn_thread'
Started GET "/todos/new" for 127.0.0.1 at 2017-09-27 19:00:50 -0700
Processing by TodosController#new as HTML
  Rendering todos/new.html.erb within layouts/application
  Rendered todos/new.html.erb within layouts/application (0.4ms)
Completed 200 OK in 20ms (Views: 18.2ms | ActiveRecord: 0.0ms)


Started POST "/" for 127.0.0.1 at 2017-09-27 19:00:55 -0700
  
ActionController::RoutingError (No route matches [POST] "/"):
  
actionpack (5.1.4) lib/action_dispatch/middleware/debug_exceptions.rb:63:in `call'
rollbar (2.15.4) lib/rollbar/middleware/rails/show_exceptions.rb:22:in `call_with_rollbar'
web-console (3.5.1) lib/web_console/middleware.rb:135:in `call_app'
web-console (3.5.1) lib/web_console/middleware.rb:28:in `block in call'
web-console (3.5.1) lib/web_console/middleware.rb:18:in `catch'
web-console (3.5.1) lib/web_console/middleware.rb:18:in `call'
actionpack (5.1.4) lib/action_dispatch/middleware/show_exceptions.rb:31:in `call'
railties (5.1.4) lib/rails/rack/logger.rb:36:in `call_app'
railties (5.1.4) lib/rails/rack/logger.rb:24:in `block in call'
activesupport (5.1.4) lib/active_support/tagged_logging.rb:69:in `block in tagged'
activesupport (5.1.4) lib/active_support/tagged_logging.rb:26:in `tagged'
activesupport (5.1.4) lib/active_support/tagged_logging.rb:69:in `tagged'
railties (5.1.4) lib/rails/rack/logger.rb:24:in `call'
sprockets-rails (3.2.1) lib/sprockets/rails/quiet_assets.rb:13:in `call'
actionpack (5.1.4) lib/action_dispatch/middleware/remote_ip.rb:79:in `call'
actionpack (5.1.4) lib/action_dispatch/middleware/request_id.rb:25:in `call'
rack (2.0.3) lib/rack/method_override.rb:22:in `call'
rack (2.0.3) lib/rack/runtime.rb:22:in `call'
activesupport (5.1.4) lib/active_support/cache/strategy/local_cache_middleware.rb:27:in `call'
actionpack (5.1.4) lib/action_dispatch/middleware/executor.rb:12:in `call'
actionpack (5.1.4) lib/action_dispatch/middleware/static.rb:125:in `call'
rack (2.0.3) lib/rack/sendfile.rb:111:in `call'
railties (5.1.4) lib/rails/engine.rb:522:in `call'
puma (3.10.0) lib/puma/configuration.rb:225:in `call'
puma (3.10.0) lib/puma/server.rb:605:in `handle_request'
puma (3.10.0) lib/puma/server.rb:437:in `process_client'
puma (3.10.0) lib/puma/server.rb:301:in `block in run'
puma (3.10.0) lib/puma/thread_pool.rb:120:in `block in spawn_thread'
Started GET "/todos/new" for 127.0.0.1 at 2017-09-27 19:03:47 -0700
Processing by TodosController#new as HTML
  Rendering todos/new.html.erb within layouts/application
  Rendered todos/new.html.erb within layouts/application (9.4ms)
Completed 200 OK in 38ms (Views: 34.3ms | ActiveRecord: 0.0ms)


Started GET "/todos/new" for 127.0.0.1 at 2017-09-27 19:04:27 -0700
Processing by TodosController#new as HTML
  Rendering todos/new.html.erb within layouts/application
  Rendered todos/new.html.erb within layouts/application (2.0ms)
Completed 200 OK in 30ms (Views: 28.0ms | ActiveRecord: 0.0ms)


Started POST "/todos" for 127.0.0.1 at 2017-09-27 19:04:42 -0700
Processing by TodosController#create as HTML
  Parameters: {"utf8"=>"✓", "authenticity_token"=>"sMLsVNVHJdVdgdZZV9qa8WoTz7WUDVbm1/bkG9juePA1tkd+9V1UJZOJZsRZ6N9jXCSHB6kFm44FYaaDDpTfJw==", "todo"=>{"title"=>"Number 1", "notes"=>"my first note"}, "commit"=>"Create"}
Completed 500 Internal Server Error in 2ms (ActiveRecord: 0.0ms)


[Rollbar] Reporting exception: ActiveModel::ForbiddenAttributesError
[Rollbar] Scheduling item
[Rollbar] Sending item
[Rollbar] Success
[Rollbar] Details: https://rollbar.com/instance/uuid?uuid=0b6b1734-fc18-4c76-a4f2-1792d706b9d7 (only available if report was successful)
[Rollbar] Exception uuid saved in env: 0b6b1734-fc18-4c76-a4f2-1792d706b9d7
  
ActiveModel::ForbiddenAttributesError (ActiveModel::ForbiddenAttributesError):
  
app/controllers/todos_controller.rb:7:in `create'
Started GET "/todos/new" for 127.0.0.1 at 2017-09-27 19:06:00 -0700
Processing by TodosController#new as HTML
  Rendering todos/new.html.erb within layouts/application
  Rendered todos/new.html.erb within layouts/application (3.4ms)
Completed 200 OK in 41ms (Views: 25.2ms | ActiveRecord: 1.7ms)


Started POST "/todos" for 127.0.0.1 at 2017-09-27 19:06:09 -0700
Processing by TodosController#create as HTML
  Parameters: {"utf8"=>"✓", "authenticity_token"=>"UDtVipzFEuXw/FXT3viGNrRZqctJbt1svlnhyhPdcyDVT/6gvN9jFT705U7QysOkgm7heXRmEARszqNSxafU9w==", "todo"=>{"title"=>"Number 1", "notes"=>"my first note"}, "commit"=>"Create"}
  [1m[35m (0.1ms)[0m  [1m[36mbegin transaction[0m
  [1m[35mSQL (0.7ms)[0m  [1m[32mINSERT INTO "todos" ("title", "notes", "created_at", "updated_at") VALUES (?, ?, ?, ?)[0m  [["title", "Number 1"], ["notes", "my first note"], ["created_at", "2017-09-28 02:06:14.526122"], ["updated_at", "2017-09-28 02:06:14.526122"]]
  [1m[35m (0.4ms)[0m  [1m[36mcommit transaction[0m
Redirected to http://localhost:3000/todos
Completed 302 Found in 5421ms (ActiveRecord: 1.3ms)


Started GET "/todos" for 127.0.0.1 at 2017-09-27 19:06:14 -0700
Processing by TodosController#index as HTML
  Rendering todos/index.html.erb within layouts/application
  [1m[36mTodo Exists (0.3ms)[0m  [1m[34mSELECT  1 AS one FROM "todos" LIMIT ?[0m  [["LIMIT", 1]]
  [1m[36mTodo Load (0.2ms)[0m  [1m[34mSELECT "todos".* FROM "todos"[0m
  Rendered todos/index.html.erb within layouts/application (5.4ms)
Completed 200 OK in 23ms (Views: 20.8ms | ActiveRecord: 0.5ms)


Started GET "/todos" for 127.0.0.1 at 2017-09-27 19:07:05 -0700
Processing by TodosController#index as HTML
  Rendering todos/index.html.erb within layouts/application
  [1m[36mTodo Exists (0.2ms)[0m  [1m[34mSELECT  1 AS one FROM "todos" LIMIT ?[0m  [["LIMIT", 1]]
  [1m[36mTodo Load (0.1ms)[0m  [1m[34mSELECT "todos".* FROM "todos"[0m
  Rendered todos/index.html.erb within layouts/application (1.9ms)
Completed 200 OK in 20ms (Views: 18.6ms | ActiveRecord: 0.3ms)


Started POST "/todos" for 127.0.0.1 at 2017-09-27 19:07:27 -0700
Processing by TodosController#create as HTML
  Parameters: {"utf8"=>"✓", "authenticity_token"=>"UDtVipzFEuXw/FXT3viGNrRZqctJbt1svlnhyhPdcyDVT/6gvN9jFT705U7QysOkgm7heXRmEARszqNSxafU9w==", "todo"=>{"title"=>"Number 2", "notes"=>"my second note"}, "commit"=>"Create"}
  [1m[35m (0.0ms)[0m  [1m[36mbegin transaction[0m
  [1m[35mSQL (0.3ms)[0m  [1m[32mINSERT INTO "todos" ("title", "notes", "created_at", "updated_at") VALUES (?, ?, ?, ?)[0m  [["title", "Number 2"], ["notes", "my second note"], ["created_at", "2017-09-28 02:07:27.298158"], ["updated_at", "2017-09-28 02:07:27.298158"]]
  [1m[35m (0.4ms)[0m  [1m[36mcommit transaction[0m
Redirected to http://localhost:3000/todos
Completed 302 Found in 13ms (ActiveRecord: 1.6ms)


Started GET "/todos" for 127.0.0.1 at 2017-09-27 19:07:27 -0700
Processing by TodosController#index as HTML
  Rendering todos/index.html.erb within layouts/application
  [1m[36mTodo Exists (0.3ms)[0m  [1m[34mSELECT  1 AS one FROM "todos" LIMIT ?[0m  [["LIMIT", 1]]
  [1m[36mTodo Load (0.1ms)[0m  [1m[34mSELECT "todos".* FROM "todos"[0m
  Rendered todos/index.html.erb within layouts/application (3.0ms)
Completed 200 OK in 32ms (Views: 29.3ms | ActiveRecord: 0.4ms)


Started POST "/todos" for 127.0.0.1 at 2017-09-27 19:12:10 -0700
  [1m[35m (0.3ms)[0m  [1m[34mSELECT "schema_migrations"."version" FROM "schema_migrations" ORDER BY "schema_migrations"."version" ASC[0m
Processing by TodosController#create as HTML
  Parameters: {"utf8"=>"✓", "authenticity_token"=>"UDtVipzFEuXw/FXT3viGNrRZqctJbt1svlnhyhPdcyDVT/6gvN9jFT705U7QysOkgm7heXRmEARszqNSxafU9w==", "todo"=>{"title"=>"Number 3", "notes"=>"my third note"}, "commit"=>"Create"}
  [1m[35m (0.1ms)[0m  [1m[36mbegin transaction[0m
  [1m[35mSQL (0.6ms)[0m  [1m[32mINSERT INTO "todos" ("title", "notes", "created_at", "updated_at") VALUES (?, ?, ?, ?)[0m  [["title", "Number 3"], ["notes", "my third note"], ["created_at", "2017-09-28 02:12:11.100357"], ["updated_at", "2017-09-28 02:12:11.100357"]]
  [1m[35m (0.4ms)[0m  [1m[36mcommit transaction[0m
Redirected to http://localhost:3000/todos
Completed 302 Found in 193ms (ActiveRecord: 1.6ms)


Started GET "/todos" for 127.0.0.1 at 2017-09-27 19:12:11 -0700
Processing by TodosController#index as HTML
  Rendering todos/index.html.erb within layouts/application
  [1m[36mTodo Exists (0.2ms)[0m  [1m[34mSELECT  1 AS one FROM "todos" LIMIT ?[0m  [["LIMIT", 1]]
  [1m[36mTodo Load (0.1ms)[0m  [1m[34mSELECT "todos".* FROM "todos"[0m
  Rendered todos/index.html.erb within layouts/application (4.5ms)
Completed 200 OK in 224ms (Views: 221.7ms | ActiveRecord: 0.3ms)


Started POST "/todos" for 127.0.0.1 at 2017-09-27 19:15:53 -0700
  [1m[35m (0.3ms)[0m  [1m[34mSELECT "schema_migrations"."version" FROM "schema_migrations" ORDER BY "schema_migrations"."version" ASC[0m
Processing by TodosController#create as HTML
  Parameters: {"utf8"=>"✓", "authenticity_token"=>"UDtVipzFEuXw/FXT3viGNrRZqctJbt1svlnhyhPdcyDVT/6gvN9jFT705U7QysOkgm7heXRmEARszqNSxafU9w==", "todo"=>{"title"=>"Number 4", "notes"=>"my fourth note"}, "commit"=>"Create"}
  [1m[35m (0.1ms)[0m  [1m[36mbegin transaction[0m
  [1m[35mSQL (0.9ms)[0m  [1m[32mINSERT INTO "todos" ("title", "notes", "created_at", "updated_at") VALUES (?, ?, ?, ?)[0m  [["title", "Number 4"], ["notes", "my fourth note"], ["created_at", "2017-09-28 02:15:53.493335"], ["updated_at", "2017-09-28 02:15:53.493335"]]
  [1m[35m (0.5ms)[0m  [1m[36mcommit transaction[0m
[Rollbar] Scheduling item
[Rollbar] Sending item
[Rollbar] Success
[Rollbar] Details: https://rollbar.com/instance/uuid?uuid=6d7441fd-a2e2-4be8-b488-88b96d7d26f4 (only available if report was successful)
Redirected to http://localhost:3000/todos
Completed 302 Found in 194ms (ActiveRecord: 1.9ms)


Started GET "/todos" for 127.0.0.1 at 2017-09-27 19:15:53 -0700
Processing by TodosController#index as HTML
  Rendering todos/index.html.erb within layouts/application
  [1m[36mTodo Exists (0.2ms)[0m  [1m[34mSELECT  1 AS one FROM "todos" LIMIT ?[0m  [["LIMIT", 1]]
  [1m[36mTodo Load (0.1ms)[0m  [1m[34mSELECT "todos".* FROM "todos"[0m
  Rendered todos/index.html.erb within layouts/application (4.3ms)
Completed 200 OK in 220ms (Views: 217.9ms | ActiveRecord: 0.3ms)


Started POST "/todos" for 127.0.0.1 at 2017-09-27 19:17:15 -0700
Processing by TodosController#create as HTML
  Parameters: {"utf8"=>"✓", "authenticity_token"=>"UDtVipzFEuXw/FXT3viGNrRZqctJbt1svlnhyhPdcyDVT/6gvN9jFT705U7QysOkgm7heXRmEARszqNSxafU9w==", "todo"=>{"title"=>"Number 5", "notes"=>"my fifth note"}, "commit"=>"Create"}
  [1m[35m (0.2ms)[0m  [1m[36mbegin transaction[0m
  [1m[35mSQL (0.4ms)[0m  [1m[32mINSERT INTO "todos" ("title", "notes", "created_at", "updated_at") VALUES (?, ?, ?, ?)[0m  [["title", "Number 5"], ["notes", "my fifth note"], ["created_at", "2017-09-28 02:17:15.292612"], ["updated_at", "2017-09-28 02:17:15.292612"]]
  [1m[35m (0.5ms)[0m  [1m[36mcommit transaction[0m
[Rollbar] Scheduling item
[Rollbar] Sending item
[Rollbar] Success
[Rollbar] Details: https://rollbar.com/instance/uuid?uuid=3e001ec9-ff7d-4e29-89d0-dbd08cdd3515 (only available if report was successful)
[Rollbar] Scheduling item
[Rollbar] Sending item
[Rollbar] Success
[Rollbar] Details: https://rollbar.com/instance/uuid?uuid=24524543-3013-46ac-92c6-a3d02313b073 (only available if report was successful)
Redirected to http://localhost:3000/todos
Completed 302 Found in 37967ms (ActiveRecord: 1.8ms)


Started GET "/todos" for 127.0.0.1 at 2017-09-27 19:17:53 -0700
Processing by TodosController#index as HTML
  Rendering todos/index.html.erb within layouts/application
  [1m[36mTodo Exists (0.3ms)[0m  [1m[34mSELECT  1 AS one FROM "todos" LIMIT ?[0m  [["LIMIT", 1]]
  [1m[36mTodo Load (0.2ms)[0m  [1m[34mSELECT "todos".* FROM "todos"[0m
  Rendered todos/index.html.erb within layouts/application (3.1ms)
Completed 200 OK in 51ms (Views: 48.4ms | ActiveRecord: 0.5ms)


Started POST "/todos" for 127.0.0.1 at 2017-09-27 19:20:08 -0700
  [1m[35m (0.3ms)[0m  [1m[34mSELECT "schema_migrations"."version" FROM "schema_migrations" ORDER BY "schema_migrations"."version" ASC[0m
Processing by TodosController#create as HTML
  Parameters: {"utf8"=>"✓", "authenticity_token"=>"UDtVipzFEuXw/FXT3viGNrRZqctJbt1svlnhyhPdcyDVT/6gvN9jFT705U7QysOkgm7heXRmEARszqNSxafU9w==", "todo"=>{"title"=>"Number 6", "notes"=>"my sixth note"}, "commit"=>"Create"}
  [1m[35m (0.1ms)[0m  [1m[36mbegin transaction[0m
  [1m[35mSQL (0.8ms)[0m  [1m[32mINSERT INTO "todos" ("title", "notes", "created_at", "updated_at") VALUES (?, ?, ?, ?)[0m  [["title", "Number 6"], ["notes", "my sixth note"], ["created_at", "2017-09-28 02:20:08.620436"], ["updated_at", "2017-09-28 02:20:08.620436"]]
  [1m[35m (0.5ms)[0m  [1m[36mcommit transaction[0m
[Rollbar] Scheduling item
[Rollbar] Sending item
[Rollbar] Success
[Rollbar] Details: https://rollbar.com/instance/uuid?uuid=e12d6380-a173-474b-afa3-ede1677a8cbd (only available if report was successful)
Redirected to http://localhost:3000/todos
Completed 302 Found in 18814ms (ActiveRecord: 1.9ms)


Started GET "/todos" for 127.0.0.1 at 2017-09-27 19:20:27 -0700
Processing by TodosController#index as HTML
  Rendering todos/index.html.erb within layouts/application
  [1m[36mTodo Exists (0.2ms)[0m  [1m[34mSELECT  1 AS one FROM "todos" LIMIT ?[0m  [["LIMIT", 1]]
  [1m[36mTodo Load (0.1ms)[0m  [1m[34mSELECT "todos".* FROM "todos"[0m
  Rendered todos/index.html.erb within layouts/application (4.4ms)
Completed 200 OK in 198ms (Views: 195.7ms | ActiveRecord: 0.3ms)


Started POST "/todos" for 127.0.0.1 at 2017-09-27 19:21:11 -0700
  [1m[35m (0.1ms)[0m  [1m[34mSELECT "schema_migrations"."version" FROM "schema_migrations" ORDER BY "schema_migrations"."version" ASC[0m
Processing by TodosController#create as HTML
  Parameters: {"utf8"=>"✓", "authenticity_token"=>"UDtVipzFEuXw/FXT3viGNrRZqctJbt1svlnhyhPdcyDVT/6gvN9jFT705U7QysOkgm7heXRmEARszqNSxafU9w==", "todo"=>{"title"=>"Number 7", "notes"=>"my seventh note"}, "commit"=>"Create"}
  [1m[35m (0.1ms)[0m  [1m[36mbegin transaction[0m
  [1m[35mSQL (0.4ms)[0m  [1m[32mINSERT INTO "todos" ("title", "notes", "created_at", "updated_at") VALUES (?, ?, ?, ?)[0m  [["title", "Number 7"], ["notes", "my seventh note"], ["created_at", "2017-09-28 02:21:11.458252"], ["updated_at", "2017-09-28 02:21:11.458252"]]
  [1m[35m (0.5ms)[0m  [1m[36mcommit transaction[0m
[Rollbar] Scheduling item
[Rollbar] Sending item
[Rollbar] Success
[Rollbar] Details: https://rollbar.com/instance/uuid?uuid=dbd71662-23c4-4488-898e-3a872ab45e7d (only available if report was successful)
Redirected to http://localhost:3000/todos
Completed 302 Found in 8673ms (ActiveRecord: 1.5ms)


Started GET "/todos" for 127.0.0.1 at 2017-09-27 19:21:20 -0700
Processing by TodosController#index as HTML
  Rendering todos/index.html.erb within layouts/application
  [1m[36mTodo Exists (0.2ms)[0m  [1m[34mSELECT  1 AS one FROM "todos" LIMIT ?[0m  [["LIMIT", 1]]
  [1m[36mTodo Load (0.1ms)[0m  [1m[34mSELECT "todos".* FROM "todos"[0m
  Rendered todos/index.html.erb within layouts/application (4.8ms)
Completed 200 OK in 189ms (Views: 187.0ms | ActiveRecord: 0.3ms)


Started GET "/todos" for 127.0.0.1 at 2017-09-27 19:33:18 -0700
  [1m[35m (0.4ms)[0m  [1m[34mSELECT "schema_migrations"."version" FROM "schema_migrations" ORDER BY "schema_migrations"."version" ASC[0m
Processing by TodosController#index as HTML
  Rendering todos/index.html.erb within layouts/application
  [1m[36mTodo Exists (0.3ms)[0m  [1m[34mSELECT  1 AS one FROM "todos" LIMIT ?[0m  [["LIMIT", 1]]
  [1m[36mTodo Load (0.2ms)[0m  [1m[34mSELECT "todos".* FROM "todos"[0m
  Rendered todos/index.html.erb within layouts/application (11.3ms)
Completed 200 OK in 211ms (Views: 196.3ms | ActiveRecord: 1.0ms)


Started GET "/todos" for 127.0.0.1 at 2017-09-27 19:33:20 -0700
Processing by TodosController#index as HTML
  Rendering todos/index.html.erb within layouts/application
  [1m[36mTodo Exists (0.1ms)[0m  [1m[34mSELECT  1 AS one FROM "todos" LIMIT ?[0m  [["LIMIT", 1]]
  [1m[36mTodo Load (0.1ms)[0m  [1m[34mSELECT "todos".* FROM "todos"[0m
  Rendered todos/index.html.erb within layouts/application (3.4ms)
Completed 200 OK in 24ms (Views: 21.6ms | ActiveRecord: 0.5ms)


Started GET "/todos" for 127.0.0.1 at 2017-09-27 19:33:22 -0700
Processing by TodosController#index as HTML
  Rendering todos/index.html.erb within layouts/application
  [1m[36mTodo Exists (0.2ms)[0m  [1m[34mSELECT  1 AS one FROM "todos" LIMIT ?[0m  [["LIMIT", 1]]
  [1m[36mTodo Load (0.2ms)[0m  [1m[34mSELECT "todos".* FROM "todos"[0m
  Rendered todos/index.html.erb within layouts/application (2.8ms)
Completed 200 OK in 22ms (Views: 20.7ms | ActiveRecord: 0.3ms)


Started GET "/todos" for 127.0.0.1 at 2017-09-27 19:34:48 -0700
Processing by TodosController#index as HTML
  Rendering todos/index.html.erb within layouts/application
  [1m[36mTodo Exists (0.1ms)[0m  [1m[34mSELECT  1 AS one FROM "todos" LIMIT ?[0m  [["LIMIT", 1]]
  [1m[36mTodo Load (0.1ms)[0m  [1m[34mSELECT "todos".* FROM "todos"[0m
  Rendered todos/index.html.erb within layouts/application (4.9ms)
Completed 500 Internal Server Error in 10ms (ActiveRecord: 0.2ms)


[Rollbar] Reporting exception: undefined method `title' for nil:NilClass
[Rollbar] Scheduling item
[Rollbar] Sending item
[Rollbar] Success
[Rollbar] Details: https://rollbar.com/instance/uuid?uuid=2d556685-1ca4-4fc1-a648-18166a0f066d (only available if report was successful)
[Rollbar] Exception uuid saved in env: 2d556685-1ca4-4fc1-a648-18166a0f066d
  
ActionView::Template::Error (undefined method `title' for nil:NilClass):
    2:   <% for todo in @todos %>
    3:   <br>
    4:   <%= todo.title %>
    5:   <%= link_to "#{@todo.title}", controller: "todos", action: "show", id: @todo %>
    6:   <br>
    7:   <%= todo.notes %>
    8:   <br>
  
app/views/todos/index.html.erb:5:in `block in _app_views_todos_index_html_erb__3536494946582793478_70126119204360'
app/views/todos/index.html.erb:2:in `_app_views_todos_index_html_erb__3536494946582793478_70126119204360'
Started GET "/todos" for 127.0.0.1 at 2017-09-27 19:35:27 -0700
Processing by TodosController#index as HTML
  Rendering todos/index.html.erb within layouts/application
  [1m[36mTodo Exists (0.2ms)[0m  [1m[34mSELECT  1 AS one FROM "todos" LIMIT ?[0m  [["LIMIT", 1]]
  [1m[36mTodo Load (0.1ms)[0m  [1m[34mSELECT "todos".* FROM "todos"[0m
  Rendered todos/index.html.erb within layouts/application (2.9ms)
Completed 200 OK in 19ms (Views: 17.7ms | ActiveRecord: 0.3ms)


Started GET "/todos/1" for 127.0.0.1 at 2017-09-27 19:35:29 -0700
Processing by TodosController#show as HTML
  Parameters: {"id"=>"1"}
  [1m[36mTodo Load (0.3ms)[0m  [1m[34mSELECT  "todos".* FROM "todos" WHERE "todos"."id" = ? LIMIT ?[0m  [["id", 1], ["LIMIT", 1]]
  Rendering todos/show.html.erb within layouts/application
  Rendered todos/show.html.erb within layouts/application (0.5ms)
Completed 200 OK in 27ms (Views: 19.8ms | ActiveRecord: 0.3ms)


Started GET "/todos/2" for 127.0.0.1 at 2017-09-27 19:35:31 -0700
Processing by TodosController#show as HTML
  Parameters: {"id"=>"2"}
  [1m[36mTodo Load (0.1ms)[0m  [1m[34mSELECT  "todos".* FROM "todos" WHERE "todos"."id" = ? LIMIT ?[0m  [["id", 2], ["LIMIT", 1]]
  Rendering todos/show.html.erb within layouts/application
  Rendered todos/show.html.erb within layouts/application (0.4ms)
Completed 200 OK in 19ms (Views: 16.6ms | ActiveRecord: 0.1ms)


Started GET "/todos/3" for 127.0.0.1 at 2017-09-27 19:35:33 -0700
Processing by TodosController#show as HTML
  Parameters: {"id"=>"3"}
  [1m[36mTodo Load (0.2ms)[0m  [1m[34mSELECT  "todos".* FROM "todos" WHERE "todos"."id" = ? LIMIT ?[0m  [["id", 3], ["LIMIT", 1]]
  Rendering todos/show.html.erb within layouts/application
  Rendered todos/show.html.erb within layouts/application (0.6ms)
Completed 200 OK in 24ms (Views: 21.5ms | ActiveRecord: 0.2ms)


Started GET "/todos/3" for 127.0.0.1 at 2017-09-27 19:36:05 -0700
Processing by TodosController#show as HTML
  Parameters: {"id"=>"3"}
  [1m[36mTodo Load (0.1ms)[0m  [1m[34mSELECT  "todos".* FROM "todos" WHERE "todos"."id" = ? LIMIT ?[0m  [["id", 3], ["LIMIT", 1]]
  Rendering todos/show.html.erb within layouts/application
  Rendered todos/show.html.erb within layouts/application (0.7ms)
Completed 200 OK in 16ms (Views: 14.1ms | ActiveRecord: 0.1ms)


Started GET "/todos/3" for 127.0.0.1 at 2017-09-27 19:36:06 -0700
Processing by TodosController#show as HTML
  Parameters: {"id"=>"3"}
  [1m[36mTodo Load (0.1ms)[0m  [1m[34mSELECT  "todos".* FROM "todos" WHERE "todos"."id" = ? LIMIT ?[0m  [["id", 3], ["LIMIT", 1]]
  Rendering todos/show.html.erb within layouts/application
  Rendered todos/show.html.erb within layouts/application (0.7ms)
Completed 200 OK in 19ms (Views: 17.5ms | ActiveRecord: 0.1ms)


Started GET "/todos/3" for 127.0.0.1 at 2017-09-27 19:36:07 -0700
Processing by TodosController#show as HTML
  Parameters: {"id"=>"3"}
  [1m[36mTodo Load (0.1ms)[0m  [1m[34mSELECT  "todos".* FROM "todos" WHERE "todos"."id" = ? LIMIT ?[0m  [["id", 3], ["LIMIT", 1]]
  Rendering todos/show.html.erb within layouts/application
  Rendered todos/show.html.erb within layouts/application (0.7ms)
Completed 200 OK in 33ms (Views: 31.3ms | ActiveRecord: 0.1ms)


Started GET "/todos/3" for 127.0.0.1 at 2017-09-27 19:36:30 -0700
Processing by TodosController#show as HTML
  Parameters: {"id"=>"3"}
  [1m[36mTodo Load (0.1ms)[0m  [1m[34mSELECT  "todos".* FROM "todos" WHERE "todos"."id" = ? LIMIT ?[0m  [["id", 3], ["LIMIT", 1]]
  Rendering todos/show.html.erb within layouts/application
  Rendered todos/show.html.erb within layouts/application (0.6ms)
Completed 200 OK in 17ms (Views: 14.8ms | ActiveRecord: 0.1ms)


Started GET "/todos/3" for 127.0.0.1 at 2017-09-27 19:36:31 -0700
Processing by TodosController#show as HTML
  Parameters: {"id"=>"3"}
  [1m[36mTodo Load (0.2ms)[0m  [1m[34mSELECT  "todos".* FROM "todos" WHERE "todos"."id" = ? LIMIT ?[0m  [["id", 3], ["LIMIT", 1]]
  Rendering todos/show.html.erb within layouts/application
  Rendered todos/show.html.erb within layouts/application (0.9ms)
Completed 200 OK in 19ms (Views: 17.0ms | ActiveRecord: 0.2ms)


Started GET "/todos/3" for 127.0.0.1 at 2017-09-27 19:36:32 -0700
Processing by TodosController#show as HTML
  Parameters: {"id"=>"3"}
  [1m[36mTodo Load (0.1ms)[0m  [1m[34mSELECT  "todos".* FROM "todos" WHERE "todos"."id" = ? LIMIT ?[0m  [["id", 3], ["LIMIT", 1]]
  Rendering todos/show.html.erb within layouts/application
  Rendered todos/show.html.erb within layouts/application (0.6ms)
Completed 200 OK in 22ms (Views: 20.6ms | ActiveRecord: 0.1ms)


Started GET "/todos/3" for 127.0.0.1 at 2017-09-27 19:36:32 -0700
Processing by TodosController#show as HTML
  Parameters: {"id"=>"3"}
  [1m[36mTodo Load (0.1ms)[0m  [1m[34mSELECT  "todos".* FROM "todos" WHERE "todos"."id" = ? LIMIT ?[0m  [["id", 3], ["LIMIT", 1]]
  Rendering todos/show.html.erb within layouts/application
  Rendered todos/show.html.erb within layouts/application (0.7ms)
Completed 200 OK in 22ms (Views: 20.4ms | ActiveRecord: 0.1ms)


Started GET "/todos/3" for 127.0.0.1 at 2017-09-27 19:36:51 -0700
Processing by TodosController#show as HTML
  Parameters: {"id"=>"3"}
  [1m[36mTodo Load (0.1ms)[0m  [1m[34mSELECT  "todos".* FROM "todos" WHERE "todos"."id" = ? LIMIT ?[0m  [["id", 3], ["LIMIT", 1]]
  Rendering todos/show.html.erb within layouts/application
  Rendered todos/show.html.erb within layouts/application (0.8ms)
Completed 200 OK in 16ms (Views: 13.8ms | ActiveRecord: 0.1ms)


Started GET "/todos/3" for 127.0.0.1 at 2017-09-27 19:36:53 -0700
Processing by TodosController#show as HTML
  Parameters: {"id"=>"3"}
  [1m[36mTodo Load (0.1ms)[0m  [1m[34mSELECT  "todos".* FROM "todos" WHERE "todos"."id" = ? LIMIT ?[0m  [["id", 3], ["LIMIT", 1]]
  Rendering todos/show.html.erb within layouts/application
  Rendered todos/show.html.erb within layouts/application (0.7ms)
Completed 200 OK in 21ms (Views: 19.3ms | ActiveRecord: 0.1ms)


Started GET "/todos/3" for 127.0.0.1 at 2017-09-27 19:36:53 -0700
Processing by TodosController#show as HTML
  Parameters: {"id"=>"3"}
  [1m[36mTodo Load (0.1ms)[0m  [1m[34mSELECT  "todos".* FROM "todos" WHERE "todos"."id" = ? LIMIT ?[0m  [["id", 3], ["LIMIT", 1]]
  Rendering todos/show.html.erb within layouts/application
  Rendered todos/show.html.erb within layouts/application (0.7ms)
Completed 200 OK in 19ms (Views: 17.3ms | ActiveRecord: 0.1ms)


Started GET "/todos/3" for 127.0.0.1 at 2017-09-27 19:36:54 -0700
Processing by TodosController#show as HTML
  Parameters: {"id"=>"3"}
  [1m[36mTodo Load (0.1ms)[0m  [1m[34mSELECT  "todos".* FROM "todos" WHERE "todos"."id" = ? LIMIT ?[0m  [["id", 3], ["LIMIT", 1]]
  Rendering todos/show.html.erb within layouts/application
  Rendered todos/show.html.erb within layouts/application (1.1ms)
Completed 200 OK in 24ms (Views: 21.8ms | ActiveRecord: 0.1ms)


Started GET "/todos/3" for 127.0.0.1 at 2017-09-27 19:36:54 -0700
Processing by TodosController#show as HTML
  Parameters: {"id"=>"3"}
  [1m[36mTodo Load (0.1ms)[0m  [1m[34mSELECT  "todos".* FROM "todos" WHERE "todos"."id" = ? LIMIT ?[0m  [["id", 3], ["LIMIT", 1]]
  Rendering todos/show.html.erb within layouts/application
  Rendered todos/show.html.erb within layouts/application (1.1ms)
Completed 200 OK in 27ms (Views: 25.2ms | ActiveRecord: 0.1ms)


Started GET "/todos/3" for 127.0.0.1 at 2017-09-27 19:37:22 -0700
Processing by TodosController#show as HTML
  Parameters: {"id"=>"3"}
  [1m[36mTodo Load (0.1ms)[0m  [1m[34mSELECT  "todos".* FROM "todos" WHERE "todos"."id" = ? LIMIT ?[0m  [["id", 3], ["LIMIT", 1]]
  Rendering todos/show.html.erb within layouts/application
  Rendered todos/show.html.erb within layouts/application (0.6ms)
Completed 200 OK in 19ms (Views: 16.5ms | ActiveRecord: 0.1ms)


Started GET "/todos" for 127.0.0.1 at 2017-09-27 19:37:23 -0700
Processing by TodosController#index as HTML
  Rendering todos/index.html.erb within layouts/application
  [1m[36mTodo Exists (0.2ms)[0m  [1m[34mSELECT  1 AS one FROM "todos" LIMIT ?[0m  [["LIMIT", 1]]
  [1m[36mTodo Load (0.1ms)[0m  [1m[34mSELECT "todos".* FROM "todos"[0m
  Rendered todos/index.html.erb within layouts/application (3.1ms)
Completed 200 OK in 20ms (Views: 17.8ms | ActiveRecord: 0.3ms)


Started GET "/todos/1" for 127.0.0.1 at 2017-09-27 19:37:25 -0700
Processing by TodosController#show as HTML
  Parameters: {"id"=>"1"}
  [1m[36mTodo Load (0.1ms)[0m  [1m[34mSELECT  "todos".* FROM "todos" WHERE "todos"."id" = ? LIMIT ?[0m  [["id", 1], ["LIMIT", 1]]
  Rendering todos/show.html.erb within layouts/application
  Rendered todos/show.html.erb within layouts/application (0.8ms)
Completed 200 OK in 20ms (Views: 17.7ms | ActiveRecord: 0.1ms)


Started GET "/todos/1" for 127.0.0.1 at 2017-09-27 19:37:46 -0700
Processing by TodosController#show as HTML
  Parameters: {"id"=>"1"}
  [1m[36mTodo Load (0.1ms)[0m  [1m[34mSELECT  "todos".* FROM "todos" WHERE "todos"."id" = ? LIMIT ?[0m  [["id", 1], ["LIMIT", 1]]
  Rendering todos/show.html.erb within layouts/application
  Rendered todos/show.html.erb within layouts/application (0.7ms)
Completed 200 OK in 16ms (Views: 14.4ms | ActiveRecord: 0.1ms)


Started GET "/todos/new" for 127.0.0.1 at 2017-09-27 19:37:47 -0700
Processing by TodosController#new as HTML
  Rendering todos/new.html.erb within layouts/application
  Rendered todos/new.html.erb within layouts/application (8.4ms)
Completed 200 OK in 33ms (Views: 30.8ms | ActiveRecord: 0.0ms)


Started GET "/todos/new" for 127.0.0.1 at 2017-09-27 19:38:21 -0700
Processing by TodosController#new as HTML
  Rendering todos/new.html.erb within layouts/application
  Rendered todos/new.html.erb within layouts/application (1.9ms)
Completed 200 OK in 20ms (Views: 18.9ms | ActiveRecord: 0.0ms)


Started GET "/todos/new" for 127.0.0.1 at 2017-09-27 19:38:29 -0700
Processing by TodosController#new as HTML
  Rendering todos/new.html.erb within layouts/application
  Rendered todos/new.html.erb within layouts/application (1.2ms)
Completed 200 OK in 19ms (Views: 17.7ms | ActiveRecord: 0.0ms)


Started GET "/todos/new" for 127.0.0.1 at 2017-09-27 19:38:41 -0700
Processing by TodosController#new as HTML
  Rendering todos/new.html.erb within layouts/application
  Rendered todos/new.html.erb within layouts/application (1.8ms)
Completed 200 OK in 22ms (Views: 20.5ms | ActiveRecord: 0.0ms)


Started GET "/todos/new" for 127.0.0.1 at 2017-09-27 19:39:00 -0700
Processing by TodosController#new as HTML
  Rendering todos/new.html.erb within layouts/application
  Rendered todos/new.html.erb within layouts/application (3.3ms)
Completed 200 OK in 23ms (Views: 21.3ms | ActiveRecord: 0.0ms)


Started GET "/todos" for 127.0.0.1 at 2017-09-27 19:39:02 -0700
Processing by TodosController#index as HTML
  Rendering todos/index.html.erb within layouts/application
  [1m[36mTodo Exists (0.2ms)[0m  [1m[34mSELECT  1 AS one FROM "todos" LIMIT ?[0m  [["LIMIT", 1]]
  [1m[36mTodo Load (0.2ms)[0m  [1m[34mSELECT "todos".* FROM "todos"[0m
  Rendered todos/index.html.erb within layouts/application (3.6ms)
Completed 200 OK in 25ms (Views: 22.8ms | ActiveRecord: 0.4ms)


Started GET "/todos/4" for 127.0.0.1 at 2017-09-27 19:39:03 -0700
Processing by TodosController#show as HTML
  Parameters: {"id"=>"4"}
  [1m[36mTodo Load (0.1ms)[0m  [1m[34mSELECT  "todos".* FROM "todos" WHERE "todos"."id" = ? LIMIT ?[0m  [["id", 4], ["LIMIT", 1]]
  Rendering todos/show.html.erb within layouts/application
  Rendered todos/show.html.erb within layouts/application (0.6ms)
Completed 200 OK in 18ms (Views: 15.9ms | ActiveRecord: 0.1ms)


Started GET "/todos" for 127.0.0.1 at 2017-09-27 19:39:04 -0700
Processing by TodosController#index as HTML
  Rendering todos/index.html.erb within layouts/application
  [1m[36mTodo Exists (0.1ms)[0m  [1m[34mSELECT  1 AS one FROM "todos" LIMIT ?[0m  [["LIMIT", 1]]
  [1m[36mTodo Load (0.1ms)[0m  [1m[34mSELECT "todos".* FROM "todos"[0m
  Rendered todos/index.html.erb within layouts/application (2.9ms)
Completed 200 OK in 21ms (Views: 19.1ms | ActiveRecord: 0.2ms)


Started GET "/todos" for 127.0.0.1 at 2017-09-27 19:39:26 -0700
Processing by TodosController#index as HTML
  Rendering todos/index.html.erb within layouts/application
  [1m[36mTodo Exists (0.1ms)[0m  [1m[34mSELECT  1 AS one FROM "todos" LIMIT ?[0m  [["LIMIT", 1]]
  [1m[36mTodo Load (0.1ms)[0m  [1m[34mSELECT "todos".* FROM "todos"[0m
  Rendered todos/index.html.erb within layouts/application (2.4ms)
Completed 200 OK in 16ms (Views: 14.5ms | ActiveRecord: 0.2ms)


Started GET "/todos" for 127.0.0.1 at 2017-09-27 19:40:55 -0700
Processing by TodosController#index as HTML
  Rendering todos/index.html.erb within layouts/application
  [1m[36mTodo Exists (0.1ms)[0m  [1m[34mSELECT  1 AS one FROM "todos" LIMIT ?[0m  [["LIMIT", 1]]
  [1m[36mTodo Load (0.1ms)[0m  [1m[34mSELECT "todos".* FROM "todos"[0m
  Rendered todos/index.html.erb within layouts/application (2.7ms)
Completed 200 OK in 19ms (Views: 17.7ms | ActiveRecord: 0.2ms)


Started GET "/todos" for 127.0.0.1 at 2017-09-27 19:41:06 -0700
Processing by TodosController#index as HTML
  Rendering todos/index.html.erb within layouts/application
  [1m[36mTodo Exists (0.2ms)[0m  [1m[34mSELECT  1 AS one FROM "todos" LIMIT ?[0m  [["LIMIT", 1]]
  [1m[36mTodo Load (0.1ms)[0m  [1m[34mSELECT "todos".* FROM "todos"[0m
  Rendered todos/index.html.erb within layouts/application (2.9ms)
Completed 200 OK in 18ms (Views: 16.2ms | ActiveRecord: 0.3ms)


Started GET "/todos" for 127.0.0.1 at 2017-09-27 19:41:25 -0700
Processing by TodosController#index as HTML
  Rendering todos/index.html.erb within layouts/application
  [1m[36mTodo Exists (0.2ms)[0m  [1m[34mSELECT  1 AS one FROM "todos" LIMIT ?[0m  [["LIMIT", 1]]
  [1m[36mTodo Load (0.1ms)[0m  [1m[34mSELECT "todos".* FROM "todos"[0m
  Rendered todos/index.html.erb within layouts/application (7.3ms)
Completed 200 OK in 23ms (Views: 21.5ms | ActiveRecord: 0.3ms)


Started GET "/todos" for 127.0.0.1 at 2017-09-27 19:41:32 -0700
Processing by TodosController#index as HTML
  Rendering todos/index.html.erb within layouts/application
  [1m[36mTodo Exists (0.1ms)[0m  [1m[34mSELECT  1 AS one FROM "todos" LIMIT ?[0m  [["LIMIT", 1]]
  [1m[36mTodo Load (0.1ms)[0m  [1m[34mSELECT "todos".* FROM "todos"[0m
  Rendered todos/index.html.erb within layouts/application (3.0ms)
Completed 200 OK in 19ms (Views: 16.9ms | ActiveRecord: 0.3ms)


Started GET "/todos/new" for 127.0.0.1 at 2017-09-27 19:41:33 -0700
Processing by TodosController#new as HTML
  Rendering todos/new.html.erb within layouts/application
  Rendered todos/new.html.erb within layouts/application (1.8ms)
Completed 200 OK in 24ms (Views: 21.8ms | ActiveRecord: 0.0ms)


Started GET "/todos/new" for 127.0.0.1 at 2017-09-27 19:41:46 -0700
Processing by TodosController#new as HTML
  Rendering todos/new.html.erb within layouts/application
  Rendered todos/new.html.erb within layouts/application (1.2ms)
Completed 200 OK in 15ms (Views: 13.3ms | ActiveRecord: 0.0ms)


Started GET "/todos" for 127.0.0.1 at 2017-09-27 19:41:51 -0700
Processing by TodosController#index as HTML
  Rendering todos/index.html.erb within layouts/application
  [1m[36mTodo Exists (0.2ms)[0m  [1m[34mSELECT  1 AS one FROM "todos" LIMIT ?[0m  [["LIMIT", 1]]
  [1m[36mTodo Load (0.1ms)[0m  [1m[34mSELECT "todos".* FROM "todos"[0m
  Rendered todos/index.html.erb within layouts/application (2.8ms)
Completed 200 OK in 24ms (Views: 21.8ms | ActiveRecord: 0.3ms)


Started GET "/" for 127.0.0.1 at 2017-09-27 19:41:59 -0700
Processing by Rails::WelcomeController#index as HTML
  Rendering /usr/local/lib/ruby/gems/2.4.0/gems/railties-5.1.4/lib/rails/templates/rails/welcome/index.html.erb
  Rendered /usr/local/lib/ruby/gems/2.4.0/gems/railties-5.1.4/lib/rails/templates/rails/welcome/index.html.erb (3.7ms)
Completed 200 OK in 10ms (Views: 7.0ms | ActiveRecord: 0.0ms)


Started GET "/" for 127.0.0.1 at 2017-09-27 19:42:50 -0700
Processing by TodosController#index as HTML
  Rendering todos/index.html.erb within layouts/application
  [1m[36mTodo Exists (0.2ms)[0m  [1m[34mSELECT  1 AS one FROM "todos" LIMIT ?[0m  [["LIMIT", 1]]
  [1m[36mTodo Load (0.1ms)[0m  [1m[34mSELECT "todos".* FROM "todos"[0m
  Rendered todos/index.html.erb within layouts/application (20.1ms)
Completed 200 OK in 55ms (Views: 46.4ms | ActiveRecord: 1.8ms)


Started GET "/" for 127.0.0.1 at 2017-09-27 19:43:13 -0700
Processing by TodosController#index as HTML
  Rendering todos/index.html.erb within layouts/application
  [1m[36mTodo Exists (0.3ms)[0m  [1m[34mSELECT  1 AS one FROM "todos" LIMIT ?[0m  [["LIMIT", 1]]
  [1m[36mTodo Load (0.2ms)[0m  [1m[34mSELECT "todos".* FROM "todos"[0m
  Rendered todos/index.html.erb within layouts/application (3.6ms)
Completed 200 OK in 42ms (Views: 39.2ms | ActiveRecord: 0.6ms)


